{"C:\\Users\\MyPC\\OneDrive\\Documents\\Campus_Complaint_System-main - Copy\\server\\app.js": {"path":"C:\\Users\\MyPC\\OneDrive\\Documents\\Campus_Complaint_System-main - Copy\\server\\app.js","statementMap":{"0":{"start":{"line":1,"column":13},"end":{"line":1,"column":28}},"1":{"start":{"line":2,"column":16},"end":{"line":2,"column":34}},"2":{"start":{"line":3,"column":17},"end":{"line":3,"column":36}},"3":{"start":{"line":4,"column":0},"end":{"line":4,"column":27}},"4":{"start":{"line":5,"column":15},"end":{"line":5,"column":37}},"5":{"start":{"line":6,"column":19},"end":{"line":6,"column":43}},"6":{"start":{"line":7,"column":24},"end":{"line":7,"column":53}},"7":{"start":{"line":8,"column":23},"end":{"line":8,"column":51}},"8":{"start":{"line":9,"column":20},"end":{"line":9,"column":45}},"9":{"start":{"line":11,"column":12},"end":{"line":11,"column":21}},"10":{"start":{"line":12,"column":13},"end":{"line":12,"column":37}},"11":{"start":{"line":15,"column":17},"end":{"line":15,"column":38}},"12":{"start":{"line":16,"column":0},"end":{"line":16,"column":43}},"13":{"start":{"line":19,"column":28},"end":{"line":25,"column":2}},"14":{"start":{"line":28,"column":26},"end":{"line":33,"column":2}},"15":{"start":{"line":36,"column":0},"end":{"line":36,"column":16}},"16":{"start":{"line":37,"column":0},"end":{"line":37,"column":24}},"17":{"start":{"line":38,"column":0},"end":{"line":38,"column":47}},"18":{"start":{"line":41,"column":0},"end":{"line":49,"column":3}},"19":{"start":{"line":42,"column":16},"end":{"line":42,"column":48}},"20":{"start":{"line":43,"column":4},"end":{"line":47,"column":7}},"21":{"start":{"line":44,"column":23},"end":{"line":44,"column":91}},"22":{"start":{"line":45,"column":8},"end":{"line":45,"column":20}},"23":{"start":{"line":46,"column":8},"end":{"line":46,"column":38}},"24":{"start":{"line":48,"column":4},"end":{"line":48,"column":11}},"25":{"start":{"line":52,"column":0},"end":{"line":59,"column":3}},"26":{"start":{"line":53,"column":4},"end":{"line":58,"column":5}},"27":{"start":{"line":54,"column":8},"end":{"line":54,"column":54}},"28":{"start":{"line":55,"column":8},"end":{"line":55,"column":42}},"29":{"start":{"line":57,"column":8},"end":{"line":57,"column":33}},"30":{"start":{"line":62,"column":0},"end":{"line":66,"column":3}},"31":{"start":{"line":63,"column":26},"end":{"line":63,"column":57}},"32":{"start":{"line":64,"column":4},"end":{"line":64,"column":50}},"33":{"start":{"line":65,"column":4},"end":{"line":65,"column":11}},"34":{"start":{"line":69,"column":0},"end":{"line":74,"column":63}},"35":{"start":{"line":73,"column":12},"end":{"line":73,"column":44}},"36":{"start":{"line":74,"column":14},"end":{"line":74,"column":61}},"37":{"start":{"line":77,"column":0},"end":{"line":77,"column":37}},"38":{"start":{"line":78,"column":0},"end":{"line":78,"column":33}},"39":{"start":{"line":79,"column":0},"end":{"line":79,"column":44}},"40":{"start":{"line":80,"column":0},"end":{"line":80,"column":41}},"41":{"start":{"line":81,"column":0},"end":{"line":81,"column":35}},"42":{"start":{"line":84,"column":0},"end":{"line":87,"column":3}},"43":{"start":{"line":85,"column":4},"end":{"line":85,"column":34}},"44":{"start":{"line":86,"column":4},"end":{"line":86,"column":85}},"45":{"start":{"line":90,"column":0},"end":{"line":101,"column":3}},"46":{"start":{"line":91,"column":4},"end":{"line":100,"column":5}},"47":{"start":{"line":92,"column":8},"end":{"line":92,"column":59}},"48":{"start":{"line":93,"column":26},"end":{"line":93,"column":55}},"49":{"start":{"line":94,"column":32},"end":{"line":94,"column":64}},"50":{"start":{"line":95,"column":35},"end":{"line":95,"column":89}},"51":{"start":{"line":96,"column":8},"end":{"line":96,"column":75}},"52":{"start":{"line":98,"column":8},"end":{"line":98,"column":51}},"53":{"start":{"line":99,"column":8},"end":{"line":99,"column":55}},"54":{"start":{"line":103,"column":0},"end":{"line":113,"column":3}},"55":{"start":{"line":104,"column":4},"end":{"line":112,"column":5}},"56":{"start":{"line":105,"column":8},"end":{"line":105,"column":54}},"57":{"start":{"line":106,"column":21},"end":{"line":106,"column":45}},"58":{"start":{"line":107,"column":27},"end":{"line":107,"column":54}},"59":{"start":{"line":108,"column":8},"end":{"line":108,"column":40}},"60":{"start":{"line":110,"column":8},"end":{"line":110,"column":51}},"61":{"start":{"line":111,"column":8},"end":{"line":111,"column":55}},"62":{"start":{"line":116,"column":0},"end":{"line":136,"column":3}},"63":{"start":{"line":117,"column":19},"end":{"line":117,"column":21}},"64":{"start":{"line":118,"column":4},"end":{"line":134,"column":7}},"65":{"start":{"line":119,"column":8},"end":{"line":133,"column":9}},"66":{"start":{"line":120,"column":12},"end":{"line":123,"column":15}},"67":{"start":{"line":124,"column":15},"end":{"line":133,"column":9}},"68":{"start":{"line":125,"column":12},"end":{"line":132,"column":15}},"69":{"start":{"line":126,"column":16},"end":{"line":131,"column":17}},"70":{"start":{"line":127,"column":20},"end":{"line":130,"column":23}},"71":{"start":{"line":135,"column":4},"end":{"line":135,"column":25}},"72":{"start":{"line":139,"column":0},"end":{"line":139,"column":21}},"73":{"start":{"line":142,"column":0},"end":{"line":152,"column":1}},"74":{"start":{"line":143,"column":4},"end":{"line":151,"column":7}},"75":{"start":{"line":144,"column":8},"end":{"line":144,"column":57}},"76":{"start":{"line":145,"column":8},"end":{"line":145,"column":41}},"77":{"start":{"line":146,"column":8},"end":{"line":146,"column":39}},"78":{"start":{"line":147,"column":8},"end":{"line":147,"column":51}},"79":{"start":{"line":148,"column":8},"end":{"line":148,"column":46}},"80":{"start":{"line":149,"column":8},"end":{"line":149,"column":45}},"81":{"start":{"line":150,"column":8},"end":{"line":150,"column":51}}},"fnMap":{"0":{"name":"(anonymous_0)","decl":{"start":{"line":41,"column":8},"end":{"line":41,"column":9}},"loc":{"start":{"line":41,"column":28},"end":{"line":49,"column":1}},"line":41},"1":{"name":"(anonymous_1)","decl":{"start":{"line":43,"column":21},"end":{"line":43,"column":22}},"loc":{"start":{"line":43,"column":27},"end":{"line":47,"column":5}},"line":43},"2":{"name":"(anonymous_2)","decl":{"start":{"line":52,"column":20},"end":{"line":52,"column":21}},"loc":{"start":{"line":52,"column":40},"end":{"line":59,"column":1}},"line":52},"3":{"name":"(anonymous_3)","decl":{"start":{"line":62,"column":8},"end":{"line":62,"column":9}},"loc":{"start":{"line":62,"column":28},"end":{"line":66,"column":1}},"line":62},"4":{"name":"(anonymous_4)","decl":{"start":{"line":73,"column":6},"end":{"line":73,"column":7}},"loc":{"start":{"line":73,"column":12},"end":{"line":73,"column":44}},"line":73},"5":{"name":"(anonymous_5)","decl":{"start":{"line":74,"column":7},"end":{"line":74,"column":8}},"loc":{"start":{"line":74,"column":14},"end":{"line":74,"column":61}},"line":74},"6":{"name":"(anonymous_6)","decl":{"start":{"line":84,"column":21},"end":{"line":84,"column":22}},"loc":{"start":{"line":84,"column":35},"end":{"line":87,"column":1}},"line":84},"7":{"name":"(anonymous_7)","decl":{"start":{"line":90,"column":37},"end":{"line":90,"column":38}},"loc":{"start":{"line":90,"column":57},"end":{"line":101,"column":1}},"line":90},"8":{"name":"(anonymous_8)","decl":{"start":{"line":103,"column":32},"end":{"line":103,"column":33}},"loc":{"start":{"line":103,"column":52},"end":{"line":113,"column":1}},"line":103},"9":{"name":"(anonymous_9)","decl":{"start":{"line":116,"column":29},"end":{"line":116,"column":30}},"loc":{"start":{"line":116,"column":43},"end":{"line":136,"column":1}},"line":116},"10":{"name":"(anonymous_10)","decl":{"start":{"line":118,"column":30},"end":{"line":118,"column":31}},"loc":{"start":{"line":118,"column":44},"end":{"line":134,"column":5}},"line":118},"11":{"name":"(anonymous_11)","decl":{"start":{"line":125,"column":44},"end":{"line":125,"column":45}},"loc":{"start":{"line":125,"column":55},"end":{"line":132,"column":13}},"line":125},"12":{"name":"(anonymous_12)","decl":{"start":{"line":143,"column":21},"end":{"line":143,"column":22}},"loc":{"start":{"line":143,"column":27},"end":{"line":151,"column":5}},"line":143}},"branchMap":{"0":{"loc":{"start":{"line":12,"column":13},"end":{"line":12,"column":37}},"type":"binary-expr","locations":[{"start":{"line":12,"column":13},"end":{"line":12,"column":29}},{"start":{"line":12,"column":33},"end":{"line":12,"column":37}}],"line":12},"1":{"loc":{"start":{"line":119,"column":8},"end":{"line":133,"column":9}},"type":"if","locations":[{"start":{"line":119,"column":8},"end":{"line":133,"column":9}},{"start":{"line":124,"column":15},"end":{"line":133,"column":9}}],"line":119},"2":{"loc":{"start":{"line":124,"column":15},"end":{"line":133,"column":9}},"type":"if","locations":[{"start":{"line":124,"column":15},"end":{"line":133,"column":9}},{"start":{},"end":{}}],"line":124},"3":{"loc":{"start":{"line":126,"column":16},"end":{"line":131,"column":17}},"type":"if","locations":[{"start":{"line":126,"column":16},"end":{"line":131,"column":17}},{"start":{},"end":{}}],"line":126},"4":{"loc":{"start":{"line":142,"column":0},"end":{"line":152,"column":1}},"type":"if","locations":[{"start":{"line":142,"column":0},"end":{"line":152,"column":1}},{"start":{},"end":{}}],"line":142}},"s":{"0":1,"1":1,"2":1,"3":1,"4":1,"5":1,"6":1,"7":1,"8":1,"9":1,"10":1,"11":1,"12":1,"13":1,"14":1,"15":1,"16":1,"17":1,"18":1,"19":2,"20":2,"21":2,"22":2,"23":2,"24":2,"25":1,"26":1,"27":1,"28":1,"29":0,"30":1,"31":1,"32":1,"33":1,"34":1,"35":1,"36":0,"37":1,"38":1,"39":1,"40":1,"41":1,"42":1,"43":1,"44":1,"45":1,"46":0,"47":0,"48":0,"49":0,"50":0,"51":0,"52":0,"53":0,"54":1,"55":0,"56":0,"57":0,"58":0,"59":0,"60":0,"61":0,"62":1,"63":0,"64":0,"65":0,"66":0,"67":0,"68":0,"69":0,"70":0,"71":0,"72":1,"73":1,"74":0,"75":0,"76":0,"77":0,"78":0,"79":0,"80":0,"81":0},"f":{"0":2,"1":2,"2":1,"3":1,"4":1,"5":0,"6":1,"7":0,"8":0,"9":0,"10":0,"11":0,"12":0},"b":{"0":[1,0],"1":[0,0],"2":[0,0],"3":[0,0],"4":[0,1]},"_coverageSchema":"1a1c01bbd47fc00a2c39e90264f33305004495a9","hash":"4ac2d51183a65cf13bace4e3953ef5d5c6c2e5de"}
,"C:\\Users\\MyPC\\OneDrive\\Documents\\Campus_Complaint_System-main - Copy\\server\\controllers\\authController.js": {"path":"C:\\Users\\MyPC\\OneDrive\\Documents\\Campus_Complaint_System-main - Copy\\server\\controllers\\authController.js","statementMap":{"0":{"start":{"line":3,"column":13},"end":{"line":3,"column":38}},"1":{"start":{"line":4,"column":15},"end":{"line":4,"column":34}},"2":{"start":{"line":5,"column":12},"end":{"line":5,"column":35}},"3":{"start":{"line":8,"column":17},"end":{"line":64,"column":1}},"4":{"start":{"line":9,"column":56},"end":{"line":9,"column":64}},"5":{"start":{"line":11,"column":4},"end":{"line":63,"column":5}},"6":{"start":{"line":13,"column":8},"end":{"line":17,"column":9}},"7":{"start":{"line":14,"column":12},"end":{"line":16,"column":15}},"8":{"start":{"line":20,"column":27},"end":{"line":20,"column":55}},"9":{"start":{"line":21,"column":8},"end":{"line":23,"column":9}},"10":{"start":{"line":22,"column":12},"end":{"line":22,"column":91}},"11":{"start":{"line":26,"column":8},"end":{"line":28,"column":9}},"12":{"start":{"line":27,"column":12},"end":{"line":27,"column":100}},"13":{"start":{"line":31,"column":8},"end":{"line":33,"column":9}},"14":{"start":{"line":32,"column":12},"end":{"line":32,"column":95}},"15":{"start":{"line":36,"column":29},"end":{"line":36,"column":80}},"16":{"start":{"line":37,"column":8},"end":{"line":39,"column":9}},"17":{"start":{"line":38,"column":12},"end":{"line":38,"column":92}},"18":{"start":{"line":42,"column":31},"end":{"line":42,"column":62}},"19":{"start":{"line":45,"column":24},"end":{"line":51,"column":10}},"20":{"start":{"line":53,"column":8},"end":{"line":53,"column":29}},"21":{"start":{"line":54,"column":31},"end":{"line":54,"column":86}},"22":{"start":{"line":55,"column":8},"end":{"line":55,"column":136}},"23":{"start":{"line":56,"column":8},"end":{"line":56,"column":74}},"24":{"start":{"line":58,"column":8},"end":{"line":58,"column":52}},"25":{"start":{"line":59,"column":8},"end":{"line":61,"column":9}},"26":{"start":{"line":60,"column":12},"end":{"line":60,"column":92}},"27":{"start":{"line":62,"column":8},"end":{"line":62,"column":78}},"28":{"start":{"line":67,"column":14},"end":{"line":111,"column":1}},"29":{"start":{"line":68,"column":38},"end":{"line":68,"column":46}},"30":{"start":{"line":70,"column":4},"end":{"line":110,"column":5}},"31":{"start":{"line":71,"column":8},"end":{"line":90,"column":9}},"32":{"start":{"line":74,"column":39},"end":{"line":75,"column":55}},"33":{"start":{"line":76,"column":12},"end":{"line":89,"column":13}},"34":{"start":{"line":78,"column":30},"end":{"line":82,"column":17}},"35":{"start":{"line":83,"column":16},"end":{"line":86,"column":19}},"36":{"start":{"line":88,"column":16},"end":{"line":88,"column":86}},"37":{"start":{"line":93,"column":21},"end":{"line":93,"column":92}},"38":{"start":{"line":94,"column":8},"end":{"line":96,"column":9}},"39":{"start":{"line":95,"column":12},"end":{"line":95,"column":72}},"40":{"start":{"line":97,"column":24},"end":{"line":97,"column":69}},"41":{"start":{"line":98,"column":8},"end":{"line":100,"column":9}},"42":{"start":{"line":99,"column":12},"end":{"line":99,"column":75}},"43":{"start":{"line":101,"column":22},"end":{"line":105,"column":9}},"44":{"start":{"line":106,"column":8},"end":{"line":106,"column":117}},"45":{"start":{"line":108,"column":8},"end":{"line":108,"column":45}},"46":{"start":{"line":109,"column":8},"end":{"line":109,"column":58}},"47":{"start":{"line":114,"column":21},"end":{"line":139,"column":1}},"48":{"start":{"line":115,"column":4},"end":{"line":138,"column":5}},"49":{"start":{"line":116,"column":8},"end":{"line":116,"column":43}},"50":{"start":{"line":118,"column":27},"end":{"line":118,"column":54}},"51":{"start":{"line":119,"column":8},"end":{"line":119,"column":48}},"52":{"start":{"line":121,"column":29},"end":{"line":121,"column":75}},"53":{"start":{"line":122,"column":8},"end":{"line":122,"column":52}},"54":{"start":{"line":124,"column":27},"end":{"line":124,"column":71}},"55":{"start":{"line":125,"column":8},"end":{"line":125,"column":48}},"56":{"start":{"line":127,"column":22},"end":{"line":131,"column":9}},"57":{"start":{"line":133,"column":8},"end":{"line":133,"column":52}},"58":{"start":{"line":134,"column":8},"end":{"line":134,"column":24}},"59":{"start":{"line":136,"column":8},"end":{"line":136,"column":55}},"60":{"start":{"line":137,"column":8},"end":{"line":137,"column":58}},"61":{"start":{"line":141,"column":0},"end":{"line":141,"column":51}}},"fnMap":{"0":{"name":"(anonymous_0)","decl":{"start":{"line":8,"column":17},"end":{"line":8,"column":18}},"loc":{"start":{"line":8,"column":37},"end":{"line":64,"column":1}},"line":8},"1":{"name":"(anonymous_1)","decl":{"start":{"line":67,"column":14},"end":{"line":67,"column":15}},"loc":{"start":{"line":67,"column":34},"end":{"line":111,"column":1}},"line":67},"2":{"name":"(anonymous_2)","decl":{"start":{"line":114,"column":21},"end":{"line":114,"column":22}},"loc":{"start":{"line":114,"column":41},"end":{"line":139,"column":1}},"line":114}},"branchMap":{"0":{"loc":{"start":{"line":13,"column":8},"end":{"line":17,"column":9}},"type":"if","locations":[{"start":{"line":13,"column":8},"end":{"line":17,"column":9}},{"start":{},"end":{}}],"line":13},"1":{"loc":{"start":{"line":13,"column":12},"end":{"line":13,"column":64}},"type":"binary-expr","locations":[{"start":{"line":13,"column":12},"end":{"line":13,"column":18}},{"start":{"line":13,"column":22},"end":{"line":13,"column":31}},{"start":{"line":13,"column":35},"end":{"line":13,"column":40}},{"start":{"line":13,"column":44},"end":{"line":13,"column":49}},{"start":{"line":13,"column":53},"end":{"line":13,"column":64}}],"line":13},"2":{"loc":{"start":{"line":21,"column":8},"end":{"line":23,"column":9}},"type":"if","locations":[{"start":{"line":21,"column":8},"end":{"line":23,"column":9}},{"start":{},"end":{}}],"line":21},"3":{"loc":{"start":{"line":26,"column":8},"end":{"line":28,"column":9}},"type":"if","locations":[{"start":{"line":26,"column":8},"end":{"line":28,"column":9}},{"start":{},"end":{}}],"line":26},"4":{"loc":{"start":{"line":31,"column":8},"end":{"line":33,"column":9}},"type":"if","locations":[{"start":{"line":31,"column":8},"end":{"line":33,"column":9}},{"start":{},"end":{}}],"line":31},"5":{"loc":{"start":{"line":37,"column":8},"end":{"line":39,"column":9}},"type":"if","locations":[{"start":{"line":37,"column":8},"end":{"line":39,"column":9}},{"start":{},"end":{}}],"line":37},"6":{"loc":{"start":{"line":59,"column":8},"end":{"line":61,"column":9}},"type":"if","locations":[{"start":{"line":59,"column":8},"end":{"line":61,"column":9}},{"start":{},"end":{}}],"line":59},"7":{"loc":{"start":{"line":71,"column":8},"end":{"line":90,"column":9}},"type":"if","locations":[{"start":{"line":71,"column":8},"end":{"line":90,"column":9}},{"start":{},"end":{}}],"line":71},"8":{"loc":{"start":{"line":74,"column":39},"end":{"line":75,"column":55}},"type":"binary-expr","locations":[{"start":{"line":74,"column":39},"end":{"line":74,"column":72}},{"start":{"line":75,"column":16},"end":{"line":75,"column":55}}],"line":74},"9":{"loc":{"start":{"line":76,"column":12},"end":{"line":89,"column":13}},"type":"if","locations":[{"start":{"line":76,"column":12},"end":{"line":89,"column":13}},{"start":{"line":87,"column":19},"end":{"line":89,"column":13}}],"line":76},"10":{"loc":{"start":{"line":94,"column":8},"end":{"line":96,"column":9}},"type":"if","locations":[{"start":{"line":94,"column":8},"end":{"line":96,"column":9}},{"start":{},"end":{}}],"line":94},"11":{"loc":{"start":{"line":98,"column":8},"end":{"line":100,"column":9}},"type":"if","locations":[{"start":{"line":98,"column":8},"end":{"line":100,"column":9}},{"start":{},"end":{}}],"line":98}},"s":{"0":1,"1":1,"2":1,"3":1,"4":0,"5":0,"6":0,"7":0,"8":0,"9":0,"10":0,"11":0,"12":0,"13":0,"14":0,"15":0,"16":0,"17":0,"18":0,"19":0,"20":0,"21":0,"22":0,"23":0,"24":0,"25":0,"26":0,"27":0,"28":1,"29":0,"30":0,"31":0,"32":0,"33":0,"34":0,"35":0,"36":0,"37":0,"38":0,"39":0,"40":0,"41":0,"42":0,"43":0,"44":0,"45":0,"46":0,"47":1,"48":0,"49":0,"50":0,"51":0,"52":0,"53":0,"54":0,"55":0,"56":0,"57":0,"58":0,"59":0,"60":0,"61":1},"f":{"0":0,"1":0,"2":0},"b":{"0":[0,0],"1":[0,0,0,0,0],"2":[0,0],"3":[0,0],"4":[0,0],"5":[0,0],"6":[0,0],"7":[0,0],"8":[0,0],"9":[0,0],"10":[0,0],"11":[0,0]},"_coverageSchema":"1a1c01bbd47fc00a2c39e90264f33305004495a9","hash":"08cbe5f7e8de49208298f56edf08b27586aec15b"}
,"C:\\Users\\MyPC\\OneDrive\\Documents\\Campus_Complaint_System-main - Copy\\server\\controllers\\complaintController.js": {"path":"C:\\Users\\MyPC\\OneDrive\\Documents\\Campus_Complaint_System-main - Copy\\server\\controllers\\complaintController.js","statementMap":{"0":{"start":{"line":1,"column":18},"end":{"line":1,"column":48}},"1":{"start":{"line":2,"column":13},"end":{"line":2,"column":38}},"2":{"start":{"line":3,"column":32},"end":{"line":3,"column":58}},"3":{"start":{"line":4,"column":19},"end":{"line":4,"column":40}},"4":{"start":{"line":7,"column":24},"end":{"line":26,"column":1}},"5":{"start":{"line":8,"column":4},"end":{"line":25,"column":5}},"6":{"start":{"line":9,"column":60},"end":{"line":9,"column":68}},"7":{"start":{"line":10,"column":25},"end":{"line":10,"column":72}},"8":{"start":{"line":11,"column":26},"end":{"line":18,"column":10}},"9":{"start":{"line":19,"column":8},"end":{"line":19,"column":31}},"10":{"start":{"line":21,"column":8},"end":{"line":21,"column":89}},"11":{"start":{"line":23,"column":8},"end":{"line":23,"column":29}},"12":{"start":{"line":24,"column":8},"end":{"line":24,"column":58}},"13":{"start":{"line":29,"column":24},"end":{"line":37,"column":1}},"14":{"start":{"line":30,"column":4},"end":{"line":36,"column":5}},"15":{"start":{"line":31,"column":27},"end":{"line":31,"column":93}},"16":{"start":{"line":32,"column":8},"end":{"line":32,"column":29}},"17":{"start":{"line":34,"column":8},"end":{"line":34,"column":29}},"18":{"start":{"line":35,"column":8},"end":{"line":35,"column":58}},"19":{"start":{"line":40,"column":25},"end":{"line":49,"column":1}},"20":{"start":{"line":41,"column":4},"end":{"line":48,"column":5}},"21":{"start":{"line":42,"column":26},"end":{"line":42,"column":65}},"22":{"start":{"line":43,"column":8},"end":{"line":43,"column":88}},"23":{"start":{"line":43,"column":24},"end":{"line":43,"column":88}},"24":{"start":{"line":44,"column":8},"end":{"line":44,"column":28}},"25":{"start":{"line":46,"column":8},"end":{"line":46,"column":29}},"26":{"start":{"line":47,"column":8},"end":{"line":47,"column":58}},"27":{"start":{"line":52,"column":25},"end":{"line":67,"column":1}},"28":{"start":{"line":53,"column":4},"end":{"line":66,"column":5}},"29":{"start":{"line":54,"column":27},"end":{"line":57,"column":31}},"30":{"start":{"line":59,"column":24},"end":{"line":59,"column":112}},"31":{"start":{"line":59,"column":47},"end":{"line":59,"column":69}},"32":{"start":{"line":59,"column":86},"end":{"line":59,"column":111}},"33":{"start":{"line":60,"column":27},"end":{"line":60,"column":119}},"34":{"start":{"line":60,"column":50},"end":{"line":60,"column":76}},"35":{"start":{"line":60,"column":93},"end":{"line":60,"column":118}},"36":{"start":{"line":61,"column":25},"end":{"line":61,"column":72}},"37":{"start":{"line":61,"column":48},"end":{"line":61,"column":71}},"38":{"start":{"line":62,"column":8},"end":{"line":62,"column":52}},"39":{"start":{"line":64,"column":8},"end":{"line":64,"column":29}},"40":{"start":{"line":65,"column":8},"end":{"line":65,"column":58}},"41":{"start":{"line":70,"column":24},"end":{"line":114,"column":1}},"42":{"start":{"line":71,"column":4},"end":{"line":113,"column":5}},"43":{"start":{"line":72,"column":28},"end":{"line":72,"column":36}},"44":{"start":{"line":75,"column":8},"end":{"line":77,"column":9}},"45":{"start":{"line":76,"column":12},"end":{"line":76,"column":78}},"46":{"start":{"line":80,"column":22},"end":{"line":80,"column":81}},"47":{"start":{"line":81,"column":8},"end":{"line":83,"column":9}},"48":{"start":{"line":82,"column":12},"end":{"line":82,"column":87}},"49":{"start":{"line":85,"column":26},"end":{"line":89,"column":9}},"50":{"start":{"line":91,"column":8},"end":{"line":93,"column":9}},"51":{"start":{"line":92,"column":12},"end":{"line":92,"column":77}},"52":{"start":{"line":96,"column":8},"end":{"line":106,"column":9}},"53":{"start":{"line":97,"column":12},"end":{"line":101,"column":14}},"54":{"start":{"line":102,"column":12},"end":{"line":102,"column":74}},"55":{"start":{"line":104,"column":12},"end":{"line":104,"column":81}},"56":{"start":{"line":108,"column":8},"end":{"line":108,"column":97}},"57":{"start":{"line":109,"column":8},"end":{"line":109,"column":28}},"58":{"start":{"line":111,"column":8},"end":{"line":111,"column":58}},"59":{"start":{"line":112,"column":8},"end":{"line":112,"column":58}},"60":{"start":{"line":117,"column":30},"end":{"line":147,"column":1}},"61":{"start":{"line":118,"column":40},"end":{"line":118,"column":48}},"62":{"start":{"line":120,"column":4},"end":{"line":146,"column":5}},"63":{"start":{"line":121,"column":26},"end":{"line":121,"column":86}},"64":{"start":{"line":122,"column":8},"end":{"line":124,"column":9}},"65":{"start":{"line":123,"column":12},"end":{"line":123,"column":76}},"66":{"start":{"line":127,"column":8},"end":{"line":135,"column":9}},"67":{"start":{"line":128,"column":12},"end":{"line":134,"column":13}},"68":{"start":{"line":129,"column":16},"end":{"line":129,"column":220}},"69":{"start":{"line":130,"column":16},"end":{"line":130,"column":84}},"70":{"start":{"line":132,"column":16},"end":{"line":132,"column":76}},"71":{"start":{"line":137,"column":8},"end":{"line":137,"column":34}},"72":{"start":{"line":138,"column":8},"end":{"line":138,"column":52}},"73":{"start":{"line":139,"column":8},"end":{"line":139,"column":41}},"74":{"start":{"line":140,"column":8},"end":{"line":140,"column":31}},"75":{"start":{"line":142,"column":8},"end":{"line":142,"column":72}},"76":{"start":{"line":144,"column":8},"end":{"line":144,"column":64}},"77":{"start":{"line":145,"column":8},"end":{"line":145,"column":80}},"78":{"start":{"line":150,"column":30},"end":{"line":165,"column":1}},"79":{"start":{"line":151,"column":4},"end":{"line":164,"column":5}},"80":{"start":{"line":152,"column":8},"end":{"line":152,"column":68}},"81":{"start":{"line":154,"column":24},"end":{"line":154,"column":51}},"82":{"start":{"line":155,"column":8},"end":{"line":158,"column":9}},"83":{"start":{"line":156,"column":12},"end":{"line":156,"column":67}},"84":{"start":{"line":157,"column":12},"end":{"line":157,"column":76}},"85":{"start":{"line":159,"column":27},"end":{"line":159,"column":91}},"86":{"start":{"line":160,"column":8},"end":{"line":160,"column":29}},"87":{"start":{"line":162,"column":8},"end":{"line":162,"column":64}},"88":{"start":{"line":163,"column":8},"end":{"line":163,"column":80}},"89":{"start":{"line":168,"column":29},"end":{"line":183,"column":1}},"90":{"start":{"line":169,"column":4},"end":{"line":182,"column":5}},"91":{"start":{"line":170,"column":28},"end":{"line":170,"column":36}},"92":{"start":{"line":171,"column":25},"end":{"line":171,"column":72}},"93":{"start":{"line":172,"column":26},"end":{"line":172,"column":65}},"94":{"start":{"line":173,"column":8},"end":{"line":173,"column":88}},"95":{"start":{"line":173,"column":24},"end":{"line":173,"column":88}},"96":{"start":{"line":174,"column":8},"end":{"line":174,"column":82}},"97":{"start":{"line":175,"column":8},"end":{"line":175,"column":41}},"98":{"start":{"line":176,"column":8},"end":{"line":176,"column":31}},"99":{"start":{"line":178,"column":8},"end":{"line":178,"column":61}},"100":{"start":{"line":180,"column":8},"end":{"line":180,"column":29}},"101":{"start":{"line":181,"column":8},"end":{"line":181,"column":58}},"102":{"start":{"line":186,"column":26},"end":{"line":230,"column":1}},"103":{"start":{"line":187,"column":4},"end":{"line":229,"column":5}},"104":{"start":{"line":188,"column":8},"end":{"line":188,"column":48}},"105":{"start":{"line":190,"column":32},"end":{"line":190,"column":64}},"106":{"start":{"line":191,"column":8},"end":{"line":191,"column":58}},"107":{"start":{"line":193,"column":35},"end":{"line":193,"column":89}},"108":{"start":{"line":194,"column":8},"end":{"line":194,"column":64}},"109":{"start":{"line":197,"column":46},"end":{"line":200,"column":10}},"110":{"start":{"line":202,"column":32},"end":{"line":202,"column":33}},"111":{"start":{"line":203,"column":36},"end":{"line":203,"column":37}},"112":{"start":{"line":205,"column":8},"end":{"line":212,"column":11}},"113":{"start":{"line":206,"column":12},"end":{"line":211,"column":13}},"114":{"start":{"line":207,"column":36},"end":{"line":207,"column":61}},"115":{"start":{"line":208,"column":37},"end":{"line":208,"column":75}},"116":{"start":{"line":209,"column":16},"end":{"line":209,"column":50}},"117":{"start":{"line":210,"column":16},"end":{"line":210,"column":40}},"118":{"start":{"line":214,"column":32},"end":{"line":216,"column":16}},"119":{"start":{"line":218,"column":22},"end":{"line":222,"column":9}},"120":{"start":{"line":224,"column":8},"end":{"line":224,"column":47}},"121":{"start":{"line":225,"column":8},"end":{"line":225,"column":24}},"122":{"start":{"line":227,"column":8},"end":{"line":227,"column":60}},"123":{"start":{"line":228,"column":8},"end":{"line":228,"column":58}},"124":{"start":{"line":232,"column":20},"end":{"line":240,"column":2}},"125":{"start":{"line":244,"column":0},"end":{"line":254,"column":2}}},"fnMap":{"0":{"name":"(anonymous_0)","decl":{"start":{"line":7,"column":24},"end":{"line":7,"column":25}},"loc":{"start":{"line":7,"column":44},"end":{"line":26,"column":1}},"line":7},"1":{"name":"(anonymous_1)","decl":{"start":{"line":29,"column":24},"end":{"line":29,"column":25}},"loc":{"start":{"line":29,"column":44},"end":{"line":37,"column":1}},"line":29},"2":{"name":"(anonymous_2)","decl":{"start":{"line":40,"column":25},"end":{"line":40,"column":26}},"loc":{"start":{"line":40,"column":45},"end":{"line":49,"column":1}},"line":40},"3":{"name":"(anonymous_3)","decl":{"start":{"line":52,"column":25},"end":{"line":52,"column":26}},"loc":{"start":{"line":52,"column":45},"end":{"line":67,"column":1}},"line":52},"4":{"name":"(anonymous_4)","decl":{"start":{"line":59,"column":42},"end":{"line":59,"column":43}},"loc":{"start":{"line":59,"column":47},"end":{"line":59,"column":69}},"line":59},"5":{"name":"(anonymous_5)","decl":{"start":{"line":59,"column":76},"end":{"line":59,"column":77}},"loc":{"start":{"line":59,"column":86},"end":{"line":59,"column":111}},"line":59},"6":{"name":"(anonymous_6)","decl":{"start":{"line":60,"column":45},"end":{"line":60,"column":46}},"loc":{"start":{"line":60,"column":50},"end":{"line":60,"column":76}},"line":60},"7":{"name":"(anonymous_7)","decl":{"start":{"line":60,"column":83},"end":{"line":60,"column":84}},"loc":{"start":{"line":60,"column":93},"end":{"line":60,"column":118}},"line":60},"8":{"name":"(anonymous_8)","decl":{"start":{"line":61,"column":43},"end":{"line":61,"column":44}},"loc":{"start":{"line":61,"column":48},"end":{"line":61,"column":71}},"line":61},"9":{"name":"(anonymous_9)","decl":{"start":{"line":70,"column":24},"end":{"line":70,"column":25}},"loc":{"start":{"line":70,"column":44},"end":{"line":114,"column":1}},"line":70},"10":{"name":"(anonymous_10)","decl":{"start":{"line":117,"column":30},"end":{"line":117,"column":31}},"loc":{"start":{"line":117,"column":50},"end":{"line":147,"column":1}},"line":117},"11":{"name":"(anonymous_11)","decl":{"start":{"line":150,"column":30},"end":{"line":150,"column":31}},"loc":{"start":{"line":150,"column":50},"end":{"line":165,"column":1}},"line":150},"12":{"name":"(anonymous_12)","decl":{"start":{"line":168,"column":29},"end":{"line":168,"column":30}},"loc":{"start":{"line":168,"column":49},"end":{"line":183,"column":1}},"line":168},"13":{"name":"(anonymous_13)","decl":{"start":{"line":186,"column":26},"end":{"line":186,"column":27}},"loc":{"start":{"line":186,"column":46},"end":{"line":230,"column":1}},"line":186},"14":{"name":"(anonymous_14)","decl":{"start":{"line":205,"column":46},"end":{"line":205,"column":47}},"loc":{"start":{"line":205,"column":59},"end":{"line":212,"column":9}},"line":205}},"branchMap":{"0":{"loc":{"start":{"line":10,"column":25},"end":{"line":10,"column":72}},"type":"cond-expr","locations":[{"start":{"line":10,"column":36},"end":{"line":10,"column":67}},{"start":{"line":10,"column":70},"end":{"line":10,"column":72}}],"line":10},"1":{"loc":{"start":{"line":43,"column":8},"end":{"line":43,"column":88}},"type":"if","locations":[{"start":{"line":43,"column":8},"end":{"line":43,"column":88}},{"start":{},"end":{}}],"line":43},"2":{"loc":{"start":{"line":75,"column":8},"end":{"line":77,"column":9}},"type":"if","locations":[{"start":{"line":75,"column":8},"end":{"line":77,"column":9}},{"start":{},"end":{}}],"line":75},"3":{"loc":{"start":{"line":81,"column":8},"end":{"line":83,"column":9}},"type":"if","locations":[{"start":{"line":81,"column":8},"end":{"line":83,"column":9}},{"start":{},"end":{}}],"line":81},"4":{"loc":{"start":{"line":91,"column":8},"end":{"line":93,"column":9}},"type":"if","locations":[{"start":{"line":91,"column":8},"end":{"line":93,"column":9}},{"start":{},"end":{}}],"line":91},"5":{"loc":{"start":{"line":100,"column":25},"end":{"line":100,"column":50}},"type":"binary-expr","locations":[{"start":{"line":100,"column":25},"end":{"line":100,"column":35}},{"start":{"line":100,"column":39},"end":{"line":100,"column":50}}],"line":100},"6":{"loc":{"start":{"line":100,"column":82},"end":{"line":100,"column":112}},"type":"binary-expr","locations":[{"start":{"line":100,"column":82},"end":{"line":100,"column":97}},{"start":{"line":100,"column":101},"end":{"line":100,"column":112}}],"line":100},"7":{"loc":{"start":{"line":108,"column":68},"end":{"line":108,"column":93}},"type":"binary-expr","locations":[{"start":{"line":108,"column":68},"end":{"line":108,"column":78}},{"start":{"line":108,"column":82},"end":{"line":108,"column":93}}],"line":108},"8":{"loc":{"start":{"line":122,"column":8},"end":{"line":124,"column":9}},"type":"if","locations":[{"start":{"line":122,"column":8},"end":{"line":124,"column":9}},{"start":{},"end":{}}],"line":122},"9":{"loc":{"start":{"line":127,"column":8},"end":{"line":135,"column":9}},"type":"if","locations":[{"start":{"line":127,"column":8},"end":{"line":135,"column":9}},{"start":{},"end":{}}],"line":127},"10":{"loc":{"start":{"line":127,"column":12},"end":{"line":127,"column":83}},"type":"binary-expr","locations":[{"start":{"line":127,"column":12},"end":{"line":127,"column":33}},{"start":{"line":127,"column":37},"end":{"line":127,"column":55}},{"start":{"line":127,"column":59},"end":{"line":127,"column":83}}],"line":127},"11":{"loc":{"start":{"line":154,"column":24},"end":{"line":154,"column":51}},"type":"binary-expr","locations":[{"start":{"line":154,"column":24},"end":{"line":154,"column":35}},{"start":{"line":154,"column":39},"end":{"line":154,"column":51}}],"line":154},"12":{"loc":{"start":{"line":155,"column":8},"end":{"line":158,"column":9}},"type":"if","locations":[{"start":{"line":155,"column":8},"end":{"line":158,"column":9}},{"start":{},"end":{}}],"line":155},"13":{"loc":{"start":{"line":171,"column":25},"end":{"line":171,"column":72}},"type":"cond-expr","locations":[{"start":{"line":171,"column":36},"end":{"line":171,"column":67}},{"start":{"line":171,"column":70},"end":{"line":171,"column":72}}],"line":171},"14":{"loc":{"start":{"line":173,"column":8},"end":{"line":173,"column":88}},"type":"if","locations":[{"start":{"line":173,"column":8},"end":{"line":173,"column":88}},{"start":{},"end":{}}],"line":173},"15":{"loc":{"start":{"line":206,"column":12},"end":{"line":211,"column":13}},"type":"if","locations":[{"start":{"line":206,"column":12},"end":{"line":211,"column":13}},{"start":{},"end":{}}],"line":206},"16":{"loc":{"start":{"line":206,"column":16},"end":{"line":206,"column":75}},"type":"binary-expr","locations":[{"start":{"line":206,"column":16},"end":{"line":206,"column":38}},{"start":{"line":206,"column":42},"end":{"line":206,"column":75}}],"line":206},"17":{"loc":{"start":{"line":214,"column":32},"end":{"line":216,"column":16}},"type":"cond-expr","locations":[{"start":{"line":215,"column":14},"end":{"line":215,"column":86}},{"start":{"line":216,"column":14},"end":{"line":216,"column":16}}],"line":214}},"s":{"0":1,"1":1,"2":1,"3":1,"4":1,"5":0,"6":0,"7":0,"8":0,"9":0,"10":0,"11":0,"12":0,"13":1,"14":0,"15":0,"16":0,"17":0,"18":0,"19":1,"20":0,"21":0,"22":0,"23":0,"24":0,"25":0,"26":0,"27":1,"28":0,"29":0,"30":0,"31":0,"32":0,"33":0,"34":0,"35":0,"36":0,"37":0,"38":0,"39":0,"40":0,"41":1,"42":0,"43":0,"44":0,"45":0,"46":0,"47":0,"48":0,"49":0,"50":0,"51":0,"52":0,"53":0,"54":0,"55":0,"56":0,"57":0,"58":0,"59":0,"60":1,"61":0,"62":0,"63":0,"64":0,"65":0,"66":0,"67":0,"68":0,"69":0,"70":0,"71":0,"72":0,"73":0,"74":0,"75":0,"76":0,"77":0,"78":1,"79":0,"80":0,"81":0,"82":0,"83":0,"84":0,"85":0,"86":0,"87":0,"88":0,"89":1,"90":0,"91":0,"92":0,"93":0,"94":0,"95":0,"96":0,"97":0,"98":0,"99":0,"100":0,"101":0,"102":1,"103":0,"104":0,"105":0,"106":0,"107":0,"108":0,"109":0,"110":0,"111":0,"112":0,"113":0,"114":0,"115":0,"116":0,"117":0,"118":0,"119":0,"120":0,"121":0,"122":0,"123":0,"124":1,"125":1},"f":{"0":0,"1":0,"2":0,"3":0,"4":0,"5":0,"6":0,"7":0,"8":0,"9":0,"10":0,"11":0,"12":0,"13":0,"14":0},"b":{"0":[0,0],"1":[0,0],"2":[0,0],"3":[0,0],"4":[0,0],"5":[0,0],"6":[0,0],"7":[0,0],"8":[0,0],"9":[0,0],"10":[0,0,0],"11":[0,0],"12":[0,0],"13":[0,0],"14":[0,0],"15":[0,0],"16":[0,0],"17":[0,0]},"_coverageSchema":"1a1c01bbd47fc00a2c39e90264f33305004495a9","hash":"e82118a6e593def0608921521a542dc2a8973a12"}
,"C:\\Users\\MyPC\\OneDrive\\Documents\\Campus_Complaint_System-main - Copy\\server\\controllers\\feedbackController.js": {"path":"C:\\Users\\MyPC\\OneDrive\\Documents\\Campus_Complaint_System-main - Copy\\server\\controllers\\feedbackController.js","statementMap":{"0":{"start":{"line":1,"column":17},"end":{"line":1,"column":46}},"1":{"start":{"line":2,"column":18},"end":{"line":2,"column":48}},"2":{"start":{"line":5,"column":23},"end":{"line":35,"column":1}},"3":{"start":{"line":6,"column":4},"end":{"line":34,"column":5}},"4":{"start":{"line":7,"column":49},"end":{"line":7,"column":57}},"5":{"start":{"line":9,"column":26},"end":{"line":9,"column":63}},"6":{"start":{"line":10,"column":8},"end":{"line":12,"column":9}},"7":{"start":{"line":11,"column":12},"end":{"line":11,"column":112}},"8":{"start":{"line":14,"column":8},"end":{"line":16,"column":9}},"9":{"start":{"line":15,"column":12},"end":{"line":15,"column":110}},"10":{"start":{"line":18,"column":25},"end":{"line":18,"column":106}},"11":{"start":{"line":19,"column":8},"end":{"line":21,"column":9}},"12":{"start":{"line":20,"column":12},"end":{"line":20,"column":103}},"13":{"start":{"line":22,"column":25},"end":{"line":28,"column":10}},"14":{"start":{"line":29,"column":8},"end":{"line":29,"column":30}},"15":{"start":{"line":30,"column":8},"end":{"line":30,"column":74}},"16":{"start":{"line":32,"column":8},"end":{"line":32,"column":29}},"17":{"start":{"line":33,"column":8},"end":{"line":33,"column":58}},"18":{"start":{"line":38,"column":24},"end":{"line":49,"column":1}},"19":{"start":{"line":39,"column":4},"end":{"line":48,"column":5}},"20":{"start":{"line":40,"column":26},"end":{"line":43,"column":45}},"21":{"start":{"line":44,"column":8},"end":{"line":44,"column":28}},"22":{"start":{"line":46,"column":8},"end":{"line":46,"column":29}},"23":{"start":{"line":47,"column":8},"end":{"line":47,"column":58}},"24":{"start":{"line":51,"column":0},"end":{"line":51,"column":53}}},"fnMap":{"0":{"name":"(anonymous_0)","decl":{"start":{"line":5,"column":23},"end":{"line":5,"column":24}},"loc":{"start":{"line":5,"column":43},"end":{"line":35,"column":1}},"line":5},"1":{"name":"(anonymous_1)","decl":{"start":{"line":38,"column":24},"end":{"line":38,"column":25}},"loc":{"start":{"line":38,"column":44},"end":{"line":49,"column":1}},"line":38}},"branchMap":{"0":{"loc":{"start":{"line":10,"column":8},"end":{"line":12,"column":9}},"type":"if","locations":[{"start":{"line":10,"column":8},"end":{"line":12,"column":9}},{"start":{},"end":{}}],"line":10},"1":{"loc":{"start":{"line":14,"column":8},"end":{"line":16,"column":9}},"type":"if","locations":[{"start":{"line":14,"column":8},"end":{"line":16,"column":9}},{"start":{},"end":{}}],"line":14},"2":{"loc":{"start":{"line":19,"column":8},"end":{"line":21,"column":9}},"type":"if","locations":[{"start":{"line":19,"column":8},"end":{"line":21,"column":9}},{"start":{},"end":{}}],"line":19}},"s":{"0":1,"1":1,"2":1,"3":0,"4":0,"5":0,"6":0,"7":0,"8":0,"9":0,"10":0,"11":0,"12":0,"13":0,"14":0,"15":0,"16":0,"17":0,"18":1,"19":0,"20":0,"21":0,"22":0,"23":0,"24":1},"f":{"0":0,"1":0},"b":{"0":[0,0],"1":[0,0],"2":[0,0]},"_coverageSchema":"1a1c01bbd47fc00a2c39e90264f33305004495a9","hash":"72b16ea14dd599e183dcbbd03086e684fe28b880"}
,"C:\\Users\\MyPC\\OneDrive\\Documents\\Campus_Complaint_System-main - Copy\\server\\middleware\\authMiddleware.js": {"path":"C:\\Users\\MyPC\\OneDrive\\Documents\\Campus_Complaint_System-main - Copy\\server\\middleware\\authMiddleware.js","statementMap":{"0":{"start":{"line":1,"column":12},"end":{"line":1,"column":35}},"1":{"start":{"line":2,"column":13},"end":{"line":2,"column":38}},"2":{"start":{"line":4,"column":23},"end":{"line":18,"column":1}},"3":{"start":{"line":5,"column":18},"end":{"line":5,"column":69}},"4":{"start":{"line":7,"column":4},"end":{"line":9,"column":5}},"5":{"start":{"line":8,"column":8},"end":{"line":8,"column":86}},"6":{"start":{"line":11,"column":4},"end":{"line":17,"column":5}},"7":{"start":{"line":12,"column":24},"end":{"line":12,"column":65}},"8":{"start":{"line":13,"column":8},"end":{"line":13,"column":27}},"9":{"start":{"line":14,"column":8},"end":{"line":14,"column":15}},"10":{"start":{"line":16,"column":8},"end":{"line":16,"column":67}},"11":{"start":{"line":20,"column":0},"end":{"line":20,"column":32}}},"fnMap":{"0":{"name":"(anonymous_0)","decl":{"start":{"line":4,"column":23},"end":{"line":4,"column":24}},"loc":{"start":{"line":4,"column":43},"end":{"line":18,"column":1}},"line":4}},"branchMap":{"0":{"loc":{"start":{"line":7,"column":4},"end":{"line":9,"column":5}},"type":"if","locations":[{"start":{"line":7,"column":4},"end":{"line":9,"column":5}},{"start":{},"end":{}}],"line":7}},"s":{"0":1,"1":1,"2":1,"3":0,"4":0,"5":0,"6":0,"7":0,"8":0,"9":0,"10":0,"11":1},"f":{"0":0},"b":{"0":[0,0]},"_coverageSchema":"1a1c01bbd47fc00a2c39e90264f33305004495a9","hash":"e25703bc7f83078ff8f669859bb6f3a0fb3c5e70"}
,"C:\\Users\\MyPC\\OneDrive\\Documents\\Campus_Complaint_System-main - Copy\\server\\middleware\\isAdmin.js": {"path":"C:\\Users\\MyPC\\OneDrive\\Documents\\Campus_Complaint_System-main - Copy\\server\\middleware\\isAdmin.js","statementMap":{"0":{"start":{"line":1,"column":0},"end":{"line":7,"column":2}},"1":{"start":{"line":2,"column":4},"end":{"line":6,"column":5}},"2":{"start":{"line":3,"column":8},"end":{"line":3,"column":15}},"3":{"start":{"line":5,"column":8},"end":{"line":5,"column":58}}},"fnMap":{"0":{"name":"(anonymous_0)","decl":{"start":{"line":1,"column":17},"end":{"line":1,"column":18}},"loc":{"start":{"line":1,"column":37},"end":{"line":7,"column":1}},"line":1}},"branchMap":{"0":{"loc":{"start":{"line":2,"column":4},"end":{"line":6,"column":5}},"type":"if","locations":[{"start":{"line":2,"column":4},"end":{"line":6,"column":5}},{"start":{"line":4,"column":11},"end":{"line":6,"column":5}}],"line":2},"1":{"loc":{"start":{"line":2,"column":8},"end":{"line":2,"column":45}},"type":"binary-expr","locations":[{"start":{"line":2,"column":8},"end":{"line":2,"column":16}},{"start":{"line":2,"column":20},"end":{"line":2,"column":45}}],"line":2}},"s":{"0":1,"1":0,"2":0,"3":0},"f":{"0":0},"b":{"0":[0,0],"1":[0,0]},"_coverageSchema":"1a1c01bbd47fc00a2c39e90264f33305004495a9","hash":"0670b494e1336ecc6932782d2e8dd60566a8024d"}
,"C:\\Users\\MyPC\\OneDrive\\Documents\\Campus_Complaint_System-main - Copy\\server\\middleware\\isStaff.js": {"path":"C:\\Users\\MyPC\\OneDrive\\Documents\\Campus_Complaint_System-main - Copy\\server\\middleware\\isStaff.js","statementMap":{"0":{"start":{"line":1,"column":0},"end":{"line":7,"column":2}},"1":{"start":{"line":2,"column":4},"end":{"line":6,"column":5}},"2":{"start":{"line":3,"column":8},"end":{"line":3,"column":15}},"3":{"start":{"line":5,"column":8},"end":{"line":5,"column":57}}},"fnMap":{"0":{"name":"(anonymous_0)","decl":{"start":{"line":1,"column":17},"end":{"line":1,"column":18}},"loc":{"start":{"line":1,"column":37},"end":{"line":7,"column":1}},"line":1}},"branchMap":{"0":{"loc":{"start":{"line":2,"column":4},"end":{"line":6,"column":5}},"type":"if","locations":[{"start":{"line":2,"column":4},"end":{"line":6,"column":5}},{"start":{"line":4,"column":11},"end":{"line":6,"column":5}}],"line":2},"1":{"loc":{"start":{"line":2,"column":8},"end":{"line":2,"column":45}},"type":"binary-expr","locations":[{"start":{"line":2,"column":8},"end":{"line":2,"column":16}},{"start":{"line":2,"column":20},"end":{"line":2,"column":45}}],"line":2}},"s":{"0":1,"1":0,"2":0,"3":0},"f":{"0":0},"b":{"0":[0,0],"1":[0,0]},"_coverageSchema":"1a1c01bbd47fc00a2c39e90264f33305004495a9","hash":"aa3411b265f08c3ef4692a36ef3ecaa4ccaaa091"}
,"C:\\Users\\MyPC\\OneDrive\\Documents\\Campus_Complaint_System-main - Copy\\server\\middleware\\upload.js": {"path":"C:\\Users\\MyPC\\OneDrive\\Documents\\Campus_Complaint_System-main - Copy\\server\\middleware\\upload.js","statementMap":{"0":{"start":{"line":1,"column":15},"end":{"line":1,"column":32}},"1":{"start":{"line":2,"column":13},"end":{"line":2,"column":28}},"2":{"start":{"line":3,"column":11},"end":{"line":3,"column":24}},"3":{"start":{"line":5,"column":18},"end":{"line":5,"column":55}},"4":{"start":{"line":6,"column":0},"end":{"line":8,"column":1}},"5":{"start":{"line":7,"column":4},"end":{"line":7,"column":28}},"6":{"start":{"line":10,"column":16},"end":{"line":17,"column":2}},"7":{"start":{"line":12,"column":8},"end":{"line":12,"column":28}},"8":{"start":{"line":15,"column":8},"end":{"line":15,"column":63}},"9":{"start":{"line":19,"column":15},"end":{"line":19,"column":43}},"10":{"start":{"line":21,"column":0},"end":{"line":21,"column":24}}},"fnMap":{"0":{"name":"(anonymous_0)","decl":{"start":{"line":11,"column":17},"end":{"line":11,"column":18}},"loc":{"start":{"line":11,"column":42},"end":{"line":13,"column":5}},"line":11},"1":{"name":"(anonymous_1)","decl":{"start":{"line":14,"column":14},"end":{"line":14,"column":15}},"loc":{"start":{"line":14,"column":39},"end":{"line":16,"column":5}},"line":14}},"branchMap":{"0":{"loc":{"start":{"line":6,"column":0},"end":{"line":8,"column":1}},"type":"if","locations":[{"start":{"line":6,"column":0},"end":{"line":8,"column":1}},{"start":{},"end":{}}],"line":6}},"s":{"0":1,"1":1,"2":1,"3":1,"4":1,"5":0,"6":1,"7":0,"8":0,"9":1,"10":1},"f":{"0":0,"1":0},"b":{"0":[0,1]},"_coverageSchema":"1a1c01bbd47fc00a2c39e90264f33305004495a9","hash":"46bad568f3b2b0cd350ff2d89439c2c4dc67930e"}
,"C:\\Users\\MyPC\\OneDrive\\Documents\\Campus_Complaint_System-main - Copy\\server\\models\\Complaint.js": {"path":"C:\\Users\\MyPC\\OneDrive\\Documents\\Campus_Complaint_System-main - Copy\\server\\models\\Complaint.js","statementMap":{"0":{"start":{"line":1,"column":17},"end":{"line":1,"column":36}},"1":{"start":{"line":3,"column":24},"end":{"line":25,"column":2}},"2":{"start":{"line":27,"column":0},"end":{"line":27,"column":62}}},"fnMap":{},"branchMap":{},"s":{"0":1,"1":1,"2":1},"f":{},"b":{},"_coverageSchema":"1a1c01bbd47fc00a2c39e90264f33305004495a9","hash":"a12248debaef749bae4b02bffdaf05cbfa27cf0d"}
,"C:\\Users\\MyPC\\OneDrive\\Documents\\Campus_Complaint_System-main - Copy\\server\\models\\Feedback.js": {"path":"C:\\Users\\MyPC\\OneDrive\\Documents\\Campus_Complaint_System-main - Copy\\server\\models\\Feedback.js","statementMap":{"0":{"start":{"line":1,"column":17},"end":{"line":1,"column":36}},"1":{"start":{"line":3,"column":23},"end":{"line":10,"column":2}},"2":{"start":{"line":12,"column":0},"end":{"line":12,"column":60}}},"fnMap":{},"branchMap":{},"s":{"0":1,"1":1,"2":1},"f":{},"b":{},"_coverageSchema":"1a1c01bbd47fc00a2c39e90264f33305004495a9","hash":"7951a0bf444b8f9cba3ce1d6867e4df0edd5daae"}
,"C:\\Users\\MyPC\\OneDrive\\Documents\\Campus_Complaint_System-main - Copy\\server\\models\\User.js": {"path":"C:\\Users\\MyPC\\OneDrive\\Documents\\Campus_Complaint_System-main - Copy\\server\\models\\User.js","statementMap":{"0":{"start":{"line":1,"column":17},"end":{"line":1,"column":36}},"1":{"start":{"line":2,"column":15},"end":{"line":2,"column":34}},"2":{"start":{"line":5,"column":19},"end":{"line":32,"column":2}},"3":{"start":{"line":34,"column":13},"end":{"line":34,"column":47}},"4":{"start":{"line":36,"column":0},"end":{"line":36,"column":22}}},"fnMap":{},"branchMap":{},"s":{"0":1,"1":1,"2":1,"3":1,"4":1},"f":{},"b":{},"_coverageSchema":"1a1c01bbd47fc00a2c39e90264f33305004495a9","hash":"8ddbdba7e37d0ff2ab4ebf1e515747b993bbe4b2"}
,"C:\\Users\\MyPC\\OneDrive\\Documents\\Campus_Complaint_System-main - Copy\\server\\routes\\auth.js": {"path":"C:\\Users\\MyPC\\OneDrive\\Documents\\Campus_Complaint_System-main - Copy\\server\\routes\\auth.js","statementMap":{"0":{"start":{"line":1,"column":16},"end":{"line":1,"column":34}},"1":{"start":{"line":2,"column":42},"end":{"line":2,"column":82}},"2":{"start":{"line":3,"column":15},"end":{"line":3,"column":31}},"3":{"start":{"line":4,"column":23},"end":{"line":4,"column":62}},"4":{"start":{"line":5,"column":13},"end":{"line":5,"column":38}},"5":{"start":{"line":6,"column":16},"end":{"line":6,"column":48}},"6":{"start":{"line":7,"column":12},"end":{"line":7,"column":35}},"7":{"start":{"line":10,"column":0},"end":{"line":10,"column":35}},"8":{"start":{"line":13,"column":0},"end":{"line":13,"column":35}},"9":{"start":{"line":16,"column":0},"end":{"line":16,"column":29}},"10":{"start":{"line":19,"column":0},"end":{"line":30,"column":3}},"11":{"start":{"line":20,"column":4},"end":{"line":29,"column":5}},"12":{"start":{"line":21,"column":21},"end":{"line":21,"column":73}},"13":{"start":{"line":22,"column":8},"end":{"line":24,"column":9}},"14":{"start":{"line":23,"column":12},"end":{"line":23,"column":71}},"15":{"start":{"line":25,"column":8},"end":{"line":25,"column":23}},"16":{"start":{"line":27,"column":8},"end":{"line":27,"column":29}},"17":{"start":{"line":28,"column":8},"end":{"line":28,"column":58}},"18":{"start":{"line":33,"column":0},"end":{"line":42,"column":3}},"19":{"start":{"line":34,"column":4},"end":{"line":41,"column":5}},"20":{"start":{"line":35,"column":22},"end":{"line":35,"column":92}},"21":{"start":{"line":36,"column":8},"end":{"line":36,"column":67}},"22":{"start":{"line":37,"column":8},"end":{"line":37,"column":24}},"23":{"start":{"line":39,"column":8},"end":{"line":39,"column":54}},"24":{"start":{"line":40,"column":8},"end":{"line":40,"column":71}},"25":{"start":{"line":44,"column":0},"end":{"line":44,"column":24}}},"fnMap":{"0":{"name":"(anonymous_0)","decl":{"start":{"line":19,"column":39},"end":{"line":19,"column":40}},"loc":{"start":{"line":19,"column":59},"end":{"line":30,"column":1}},"line":19},"1":{"name":"(anonymous_1)","decl":{"start":{"line":33,"column":46},"end":{"line":33,"column":47}},"loc":{"start":{"line":33,"column":66},"end":{"line":42,"column":1}},"line":33}},"branchMap":{"0":{"loc":{"start":{"line":22,"column":8},"end":{"line":24,"column":9}},"type":"if","locations":[{"start":{"line":22,"column":8},"end":{"line":24,"column":9}},{"start":{},"end":{}}],"line":22}},"s":{"0":1,"1":1,"2":1,"3":1,"4":1,"5":1,"6":1,"7":1,"8":1,"9":1,"10":1,"11":0,"12":0,"13":0,"14":0,"15":0,"16":0,"17":0,"18":1,"19":0,"20":0,"21":0,"22":0,"23":0,"24":0,"25":1},"f":{"0":0,"1":0},"b":{"0":[0,0]},"_coverageSchema":"1a1c01bbd47fc00a2c39e90264f33305004495a9","hash":"ca81bd68e20bc5045b8cdc1e54c31b895fc5f76d"}
,"C:\\Users\\MyPC\\OneDrive\\Documents\\Campus_Complaint_System-main - Copy\\server\\routes\\complaint.js": {"path":"C:\\Users\\MyPC\\OneDrive\\Documents\\Campus_Complaint_System-main - Copy\\server\\routes\\complaint.js","statementMap":{"0":{"start":{"line":1,"column":16},"end":{"line":1,"column":34}},"1":{"start":{"line":2,"column":15},"end":{"line":2,"column":31}},"2":{"start":{"line":3,"column":23},"end":{"line":3,"column":62}},"3":{"start":{"line":4,"column":16},"end":{"line":4,"column":48}},"4":{"start":{"line":5,"column":15},"end":{"line":5,"column":46}},"5":{"start":{"line":6,"column":16},"end":{"line":6,"column":48}},"6":{"start":{"line":17,"column":4},"end":{"line":17,"column":49}},"7":{"start":{"line":20,"column":0},"end":{"line":20,"column":40}},"8":{"start":{"line":23,"column":0},"end":{"line":23,"column":74}},"9":{"start":{"line":24,"column":0},"end":{"line":24,"column":51}},"10":{"start":{"line":27,"column":0},"end":{"line":27,"column":72}},"11":{"start":{"line":28,"column":0},"end":{"line":28,"column":104}},"12":{"start":{"line":31,"column":0},"end":{"line":31,"column":68}},"13":{"start":{"line":32,"column":0},"end":{"line":32,"column":74}},"14":{"start":{"line":33,"column":0},"end":{"line":33,"column":59}},"15":{"start":{"line":36,"column":0},"end":{"line":36,"column":53}},"16":{"start":{"line":38,"column":0},"end":{"line":38,"column":24}}},"fnMap":{},"branchMap":{},"s":{"0":1,"1":1,"2":1,"3":1,"4":1,"5":1,"6":1,"7":1,"8":1,"9":1,"10":1,"11":1,"12":1,"13":1,"14":1,"15":1,"16":1},"f":{},"b":{},"_coverageSchema":"1a1c01bbd47fc00a2c39e90264f33305004495a9","hash":"48c84105fe613906cb91f934099025b79aa0cbe8"}
,"C:\\Users\\MyPC\\OneDrive\\Documents\\Campus_Complaint_System-main - Copy\\server\\routes\\feedback.js": {"path":"C:\\Users\\MyPC\\OneDrive\\Documents\\Campus_Complaint_System-main - Copy\\server\\routes\\feedback.js","statementMap":{"0":{"start":{"line":1,"column":16},"end":{"line":1,"column":34}},"1":{"start":{"line":2,"column":15},"end":{"line":2,"column":31}},"2":{"start":{"line":3,"column":23},"end":{"line":3,"column":62}},"3":{"start":{"line":4,"column":44},"end":{"line":4,"column":88}},"4":{"start":{"line":7,"column":0},"end":{"line":7,"column":49}},"5":{"start":{"line":9,"column":0},"end":{"line":9,"column":33}},"6":{"start":{"line":11,"column":0},"end":{"line":11,"column":24}}},"fnMap":{},"branchMap":{},"s":{"0":1,"1":1,"2":1,"3":1,"4":1,"5":1,"6":1},"f":{},"b":{},"_coverageSchema":"1a1c01bbd47fc00a2c39e90264f33305004495a9","hash":"34fc7eeb00c395ac5d8fb760c129f8e3836868fd"}
,"C:\\Users\\MyPC\\OneDrive\\Documents\\Campus_Complaint_System-main - Copy\\server\\routes\\stats.js": {"path":"C:\\Users\\MyPC\\OneDrive\\Documents\\Campus_Complaint_System-main - Copy\\server\\routes\\stats.js","statementMap":{"0":{"start":{"line":1,"column":16},"end":{"line":1,"column":34}},"1":{"start":{"line":2,"column":15},"end":{"line":2,"column":31}},"2":{"start":{"line":3,"column":18},"end":{"line":3,"column":48}},"3":{"start":{"line":4,"column":13},"end":{"line":4,"column":38}},"4":{"start":{"line":7,"column":0},"end":{"line":51,"column":3}},"5":{"start":{"line":8,"column":4},"end":{"line":50,"column":5}},"6":{"start":{"line":9,"column":8},"end":{"line":9,"column":68}},"7":{"start":{"line":11,"column":32},"end":{"line":11,"column":64}},"8":{"start":{"line":12,"column":8},"end":{"line":12,"column":58}},"9":{"start":{"line":14,"column":35},"end":{"line":14,"column":89}},"10":{"start":{"line":15,"column":8},"end":{"line":15,"column":64}},"11":{"start":{"line":18,"column":46},"end":{"line":21,"column":10}},"12":{"start":{"line":23,"column":32},"end":{"line":23,"column":33}},"13":{"start":{"line":24,"column":36},"end":{"line":24,"column":37}},"14":{"start":{"line":26,"column":8},"end":{"line":33,"column":11}},"15":{"start":{"line":27,"column":12},"end":{"line":32,"column":13}},"16":{"start":{"line":28,"column":36},"end":{"line":28,"column":61}},"17":{"start":{"line":29,"column":37},"end":{"line":29,"column":75}},"18":{"start":{"line":30,"column":16},"end":{"line":30,"column":50}},"19":{"start":{"line":31,"column":16},"end":{"line":31,"column":40}},"20":{"start":{"line":35,"column":32},"end":{"line":37,"column":16}},"21":{"start":{"line":39,"column":22},"end":{"line":43,"column":9}},"22":{"start":{"line":45,"column":8},"end":{"line":45,"column":47}},"23":{"start":{"line":46,"column":8},"end":{"line":46,"column":24}},"24":{"start":{"line":48,"column":8},"end":{"line":48,"column":60}},"25":{"start":{"line":49,"column":8},"end":{"line":49,"column":58}},"26":{"start":{"line":54,"column":0},"end":{"line":79,"column":3}},"27":{"start":{"line":55,"column":4},"end":{"line":78,"column":5}},"28":{"start":{"line":56,"column":8},"end":{"line":56,"column":63}},"29":{"start":{"line":58,"column":27},"end":{"line":58,"column":54}},"30":{"start":{"line":59,"column":8},"end":{"line":59,"column":48}},"31":{"start":{"line":61,"column":29},"end":{"line":61,"column":75}},"32":{"start":{"line":62,"column":8},"end":{"line":62,"column":52}},"33":{"start":{"line":64,"column":27},"end":{"line":64,"column":71}},"34":{"start":{"line":65,"column":8},"end":{"line":65,"column":48}},"35":{"start":{"line":67,"column":22},"end":{"line":71,"column":9}},"36":{"start":{"line":73,"column":8},"end":{"line":73,"column":52}},"37":{"start":{"line":74,"column":8},"end":{"line":74,"column":24}},"38":{"start":{"line":76,"column":8},"end":{"line":76,"column":55}},"39":{"start":{"line":77,"column":8},"end":{"line":77,"column":58}},"40":{"start":{"line":81,"column":0},"end":{"line":81,"column":24}}},"fnMap":{"0":{"name":"(anonymous_0)","decl":{"start":{"line":7,"column":26},"end":{"line":7,"column":27}},"loc":{"start":{"line":7,"column":46},"end":{"line":51,"column":1}},"line":7},"1":{"name":"(anonymous_1)","decl":{"start":{"line":26,"column":46},"end":{"line":26,"column":47}},"loc":{"start":{"line":26,"column":59},"end":{"line":33,"column":9}},"line":26},"2":{"name":"(anonymous_2)","decl":{"start":{"line":54,"column":21},"end":{"line":54,"column":22}},"loc":{"start":{"line":54,"column":41},"end":{"line":79,"column":1}},"line":54}},"branchMap":{"0":{"loc":{"start":{"line":27,"column":12},"end":{"line":32,"column":13}},"type":"if","locations":[{"start":{"line":27,"column":12},"end":{"line":32,"column":13}},{"start":{},"end":{}}],"line":27},"1":{"loc":{"start":{"line":27,"column":16},"end":{"line":27,"column":75}},"type":"binary-expr","locations":[{"start":{"line":27,"column":16},"end":{"line":27,"column":38}},{"start":{"line":27,"column":42},"end":{"line":27,"column":75}}],"line":27},"2":{"loc":{"start":{"line":35,"column":32},"end":{"line":37,"column":16}},"type":"cond-expr","locations":[{"start":{"line":36,"column":14},"end":{"line":36,"column":86}},{"start":{"line":37,"column":14},"end":{"line":37,"column":16}}],"line":35}},"s":{"0":1,"1":1,"2":1,"3":1,"4":1,"5":0,"6":0,"7":0,"8":0,"9":0,"10":0,"11":0,"12":0,"13":0,"14":0,"15":0,"16":0,"17":0,"18":0,"19":0,"20":0,"21":0,"22":0,"23":0,"24":0,"25":0,"26":1,"27":0,"28":0,"29":0,"30":0,"31":0,"32":0,"33":0,"34":0,"35":0,"36":0,"37":0,"38":0,"39":0,"40":1},"f":{"0":0,"1":0,"2":0},"b":{"0":[0,0],"1":[0,0],"2":[0,0]},"_coverageSchema":"1a1c01bbd47fc00a2c39e90264f33305004495a9","hash":"8dce6a8f523deb7e8d47360b231b0788e6022c0d"}
,"C:\\Users\\MyPC\\OneDrive\\Documents\\Campus_Complaint_System-main - Copy\\server\\utils\\mailer.js": {"path":"C:\\Users\\MyPC\\OneDrive\\Documents\\Campus_Complaint_System-main - Copy\\server\\utils\\mailer.js","statementMap":{"0":{"start":{"line":1,"column":19},"end":{"line":1,"column":40}},"1":{"start":{"line":2,"column":0},"end":{"line":2,"column":27}},"2":{"start":{"line":4,"column":20},"end":{"line":12,"column":2}},"3":{"start":{"line":15,"column":22},"end":{"line":20,"column":3}},"4":{"start":{"line":21,"column":2},"end":{"line":21,"column":43}},"5":{"start":{"line":24,"column":0},"end":{"line":24,"column":41}}},"fnMap":{"0":{"name":"sendResolutionEmail","decl":{"start":{"line":14,"column":9},"end":{"line":14,"column":28}},"loc":{"start":{"line":14,"column":48},"end":{"line":22,"column":1}},"line":14}},"branchMap":{},"s":{"0":1,"1":1,"2":1,"3":0,"4":0,"5":1},"f":{"0":0},"b":{},"_coverageSchema":"1a1c01bbd47fc00a2c39e90264f33305004495a9","hash":"5eeeefc16b5bfd3ea02ee5d5710e14df78de2f4e"}
}
